[16:09:40] [Render thread/INFO]: Environment: authHost='https://authserver.mojang.com', accountsHost='https://api.mojang.com', sessionHost='https://sessionserver.mojang.com', name='PROD'
[16:09:40] [Render thread/INFO]: Setting user: _zhao_
[16:09:41] [Render thread/INFO]: Backend library: LWJGL version 3.2.2 build 10
[16:09:44] [Render thread/WARN]: ERROR : Couldn't load Narrator library : Unable to load library 'fliteWrapper': Native library (linux-x86-64/libfliteWrapper.so) not found in resource path (/home/zhao/Documents/HMCL/.minecraft/libraries/com/mojang/patchy/1.1/patchy-1.1.jar:/home/zhao/Documents/HMCL/.minecraft/libraries/oshi-project/oshi-core/1.1/oshi-core-1.1.jar:/home/zhao/Documents/HMCL/.minecraft/libraries/net/java/dev/jna/jna/4.4.0/jna-4.4.0.jar:/home/zhao/Documents/HMCL/.minecraft/libraries/net/java/dev/jna/platform/3.4.0/platform-3.4.0.jar:/home/zhao/Documents/HMCL/.minecraft/libraries/com/ibm/icu/icu4j/66.1/icu4j-66.1.jar:/home/zhao/Documents/HMCL/.minecraft/libraries/com/mojang/javabridge/1.0.22/javabridge-1.0.22.jar:/home/zhao/Documents/HMCL/.minecraft/libraries/net/sf/jopt-simple/jopt-simple/5.0.3/jopt-simple-5.0.3.jar:/home/zhao/Documents/HMCL/.minecraft/libraries/io/netty/netty-all/4.1.25.Final/netty-all-4.1.25.Final.jar:/home/zhao/Documents/HMCL/.minecraft/libraries/com/google/guava/guava/21.0/guava-21.0.jar:/home/zhao/Documents/HMCL/.minecraft/libraries/org/apache/commons/commons-lang3/3.5/commons-lang3-3.5.jar:/home/zhao/Documents/HMCL/.minecraft/libraries/commons-io/commons-io/2.5/commons-io-2.5.jar:/home/zhao/Documents/HMCL/.minecraft/libraries/commons-codec/commons-codec/1.10/commons-codec-1.10.jar:/home/zhao/Documents/HMCL/.minecraft/libraries/net/java/jinput/jinput/2.0.5/jinput-2.0.5.jar:/home/zhao/Documents/HMCL/.minecraft/libraries/net/java/jutils/jutils/1.0.0/jutils-1.0.0.jar:/home/zhao/Documents/HMCL/.minecraft/libraries/com/mojang/brigadier/1.0.17/brigadier-1.0.17.jar:/home/zhao/Documents/HMCL/.minecraft/libraries/com/mojang/datafixerupper/3.0.25/datafixerupper-3.0.25.jar:/home/zhao/Documents/HMCL/.minecraft/libraries/com/google/code/gson/gson/2.8.0/gson-2.8.0.jar:/home/zhao/Documents/HMCL/.minecraft/libraries/com/mojang/authlib/1.6.25/authlib-1.6.25.jar:/home/zhao/Documents/HMCL/.minecraft/libraries/org/apache/commons/commons-compress/1.8.1/commons-compress-1.8.1.jar:/home/zhao/Documents/HMCL/.minecraft/libraries/org/apache/httpcomponents/httpclient/4.3.3/httpclient-4.3.3.jar:/home/zhao/Documents/HMCL/.minecraft/libraries/commons-logging/commons-logging/1.1.3/commons-logging-1.1.3.jar:/home/zhao/Documents/HMCL/.minecraft/libraries/org/apache/httpcomponents/httpcore/4.3.2/httpcore-4.3.2.jar:/home/zhao/Documents/HMCL/.minecraft/libraries/it/unimi/dsi/fastutil/8.2.1/fastutil-8.2.1.jar:/home/zhao/Documents/HMCL/.minecraft/libraries/org/apache/logging/log4j/log4j-api/2.8.1/log4j-api-2.8.1.jar:/home/zhao/Documents/HMCL/.minecraft/libraries/org/apache/logging/log4j/log4j-core/2.8.1/log4j-core-2.8.1.jar:/home/zhao/Documents/HMCL/.minecraft/libraries/org/lwjgl/lwjgl/3.2.2/lwjgl-3.2.2.jar:/home/zhao/Documents/HMCL/.minecraft/libraries/org/lwjgl/lwjgl-jemalloc/3.2.2/lwjgl-jemalloc-3.2.2.jar:/home/zhao/Documents/HMCL/.minecraft/libraries/org/lwjgl/lwjgl-openal/3.2.2/lwjgl-openal-3.2.2.jar:/home/zhao/Documents/HMCL/.minecraft/libraries/org/lwjgl/lwjgl-opengl/3.2.2/lwjgl-opengl-3.2.2.jar:/home/zhao/Documents/HMCL/.minecraft/libraries/org/lwjgl/lwjgl-glfw/3.2.2/lwjgl-glfw-3.2.2.jar:/home/zhao/Documents/HMCL/.minecraft/libraries/org/lwjgl/lwjgl-stb/3.2.2/lwjgl-stb-3.2.2.jar:/home/zhao/Documents/HMCL/.minecraft/libraries/org/lwjgl/lwjgl-tinyfd/3.2.2/lwjgl-tinyfd-3.2.2.jar:/home/zhao/Documents/HMCL/.minecraft/libraries/com/mojang/text2speech/1.11.3/text2speech-1.11.3.jar:/home/zhao/Documents/HMCL/.minecraft/versions/1.16.1/1.16.1.jar)
[16:09:44] [Render thread/INFO]: Reloading ResourceManager: Default
[16:09:56] [Render thread/INFO]: OpenAL initialized.
[16:09:56] [Render thread/INFO]: Sound engine started
[16:09:57] [Render thread/INFO]: Created: 1024x1024x4 minecraft:textures/atlas/blocks.png-atlas
[16:09:57] [Render thread/INFO]: Created: 256x128x4 minecraft:textures/atlas/signs.png-atlas
[16:09:57] [Render thread/INFO]: Created: 1024x512x4 minecraft:textures/atlas/banner_patterns.png-atlas
[16:09:57] [Render thread/INFO]: Created: 1024x512x4 minecraft:textures/atlas/shield_patterns.png-atlas
[16:09:57] [Render thread/INFO]: Created: 256x256x4 minecraft:textures/atlas/chest.png-atlas
[16:09:57] [Render thread/INFO]: Created: 512x256x4 minecraft:textures/atlas/beds.png-atlas
[16:09:57] [Render thread/INFO]: Created: 512x256x4 minecraft:textures/atlas/shulker_boxes.png-atlas
[16:09:59] [Render thread/INFO]: Created: 256x256x0 minecraft:textures/atlas/particles.png-atlas
[16:09:59] [Render thread/INFO]: Created: 256x256x0 minecraft:textures/atlas/paintings.png-atlas
[16:09:59] [Render thread/INFO]: Created: 256x128x0 minecraft:textures/atlas/mob_effects.png-atlas
[16:11:41] [Render thread/INFO]: Connecting to lt.limc.cc., 38343
[16:12:05] [Render thread/INFO]: Connecting to 47.104.132.223, 25565
[16:13:04] [Render thread/INFO]: Connecting to lt.limc.cc, 38343
[16:14:18] [Render thread/INFO]: Connecting to lt.limc.cc, 38343
[16:16:39] [Render thread/INFO]: Connecting to 120.2.67.229, 38343
[16:16:58] [Render thread/INFO]: Stopping!
